[debug] [2023-04-13T05:45:23.164Z] ----------------------------------------------------------------------
[debug] [2023-04-13T05:45:23.166Z] Command:       C:\Users\Yash\.nvm\versions\node\v16.13.0\bin\node.exe C:\Users\Yash\.nvm\versions\node\v16.13.0\bin\node_modules\firebase-tools\lib\bin\firebase.js init
[debug] [2023-04-13T05:45:23.167Z] CLI Version:   11.26.0
[debug] [2023-04-13T05:45:23.167Z] Platform:      win32
[debug] [2023-04-13T05:45:23.167Z] Node Version:  v16.13.0
[debug] [2023-04-13T05:45:23.168Z] Time:          Thu Apr 13 2023 11:15:23 GMT+0530 (India Standard Time)
[debug] [2023-04-13T05:45:23.168Z] ----------------------------------------------------------------------
[debug] 
[debug] [2023-04-13T05:45:23.172Z] >>> [apiv2][query] GET https://firebase-public.firebaseio.com/cli.json [none]
[debug] [2023-04-13T05:45:23.193Z] > command requires scopes: ["email","openid","https://www.googleapis.com/auth/cloudplatformprojects.readonly","https://www.googleapis.com/auth/firebase","https://www.googleapis.com/auth/cloud-platform"]
[debug] [2023-04-13T05:45:23.194Z] > authorizing via signed-in user (yashkapure06@gmail.com)
[info] 
     ######## #### ########  ######## ########     ###     ######  ########
     ##        ##  ##     ## ##       ##     ##  ##   ##  ##       ##
     ######    ##  ########  ######   ########  #########  ######  ######
     ##        ##  ##    ##  ##       ##     ## ##     ##       ## ##
     ##       #### ##     ## ######## ########  ##     ##  ######  ########

You're about to initialize a Firebase project in this directory:

  F:\My Projects\Learning Projects\tech_blog_website

[debug] [2023-04-13T05:45:23.843Z] <<< [apiv2][status] GET https://firebase-public.firebaseio.com/cli.json 200
[debug] [2023-04-13T05:45:23.844Z] <<< [apiv2][body] GET https://firebase-public.firebaseio.com/cli.json {"cloudBuildErrorAfter":1594252800000,"cloudBuildWarnAfter":1590019200000,"defaultNode10After":1594252800000,"minVersion":"3.0.5","node8DeploysDisabledAfter":1613390400000,"node8RuntimeDisabledAfter":1615809600000,"node8WarnAfter":1600128000000}
[info] 
=== Project Setup
[info] 
[info] First, let's associate this project directory with a Firebase project.
[info] You can create multiple project aliases by running firebase use --add, 
[info] but for now we'll just set up a default project.
[info] 
[debug] [2023-04-13T05:45:54.482Z] > refreshing access token with scopes: []
[debug] [2023-04-13T05:45:54.484Z] >>> [apiv2][query] POST https://www.googleapis.com/oauth2/v3/token [none]
[debug] [2023-04-13T05:45:54.484Z] >>> [apiv2][body] POST https://www.googleapis.com/oauth2/v3/token [omitted]
[debug] [2023-04-13T05:45:54.676Z] <<< [apiv2][status] POST https://www.googleapis.com/oauth2/v3/token 400
[debug] [2023-04-13T05:45:54.676Z] <<< [apiv2][body] POST https://www.googleapis.com/oauth2/v3/token [omitted]
[debug] [2023-04-13T05:45:54.679Z] >>> [apiv2][query] GET https://firebase.googleapis.com/v1beta1/projects pageSize=100
[debug] [2023-04-13T05:45:54.974Z] <<< [apiv2][status] GET https://firebase.googleapis.com/v1beta1/projects 401
[debug] [2023-04-13T05:45:54.974Z] <<< [apiv2][body] GET https://firebase.googleapis.com/v1beta1/projects [omitted]
[debug] [2023-04-13T05:45:54.975Z] HTTP Error: 401, Request had invalid authentication credentials. Expected OAuth 2 access token, login cookie or other valid authentication credential. See https://developers.google.com/identity/sign-in/web/devconsole-project.
[debug] [2023-04-13T05:45:55.138Z] FirebaseError: HTTP Error: 401, Request had invalid authentication credentials. Expected OAuth 2 access token, login cookie or other valid authentication credential. See https://developers.google.com/identity/sign-in/web/devconsole-project.
    at responseToError (C:\Users\Yash\.nvm\versions\node\v16.13.0\bin\node_modules\firebase-tools\lib\responseToError.js:49:12)
    at RetryOperation._fn (C:\Users\Yash\.nvm\versions\node\v16.13.0\bin\node_modules\firebase-tools\lib\apiv2.js:288:77)
    at processTicksAndRejections (node:internal/process/task_queues:96:5)
[error] 
[error] Error: Failed to list Firebase projects. See firebase-debug.log for more info.
[debug] [2023-04-13T05:46:03.690Z] ----------------------------------------------------------------------
[debug] [2023-04-13T05:46:03.691Z] Command:       C:\Users\Yash\.nvm\versions\node\v16.13.0\bin\node.exe C:\Users\Yash\.nvm\versions\node\v16.13.0\bin\node_modules\firebase-tools\lib\bin\firebase.js init
[debug] [2023-04-13T05:46:03.692Z] CLI Version:   11.26.0
[debug] [2023-04-13T05:46:03.692Z] Platform:      win32
[debug] [2023-04-13T05:46:03.692Z] Node Version:  v16.13.0
[debug] [2023-04-13T05:46:03.693Z] Time:          Thu Apr 13 2023 11:16:03 GMT+0530 (India Standard Time)
[debug] [2023-04-13T05:46:03.693Z] ----------------------------------------------------------------------
[debug] 
[debug] [2023-04-13T05:46:03.701Z] > command requires scopes: ["email","openid","https://www.googleapis.com/auth/cloudplatformprojects.readonly","https://www.googleapis.com/auth/firebase","https://www.googleapis.com/auth/cloud-platform"]
[debug] [2023-04-13T05:46:03.701Z] > authorizing via signed-in user (yashkapure06@gmail.com)
[info] 
     ######## #### ########  ######## ########     ###     ######  ########
     ##        ##  ##     ## ##       ##     ##  ##   ##  ##       ##
     ######    ##  ########  ######   ########  #########  ######  ######
     ##        ##  ##    ##  ##       ##     ## ##     ##       ## ##
     ##       #### ##     ## ######## ########  ##     ##  ######  ########

You're about to initialize a Firebase project in this directory:

  F:\My Projects\Learning Projects\tech_blog_website

[info] 
=== Project Setup
[info] 
[info] First, let's associate this project directory with a Firebase project.
[info] You can create multiple project aliases by running firebase use --add, 
[info] but for now we'll just set up a default project.
[info] 
[debug] [2023-04-13T05:46:15.996Z] > refreshing access token with scopes: []
[debug] [2023-04-13T05:46:15.999Z] >>> [apiv2][query] POST https://www.googleapis.com/oauth2/v3/token [none]
[debug] [2023-04-13T05:46:15.999Z] >>> [apiv2][body] POST https://www.googleapis.com/oauth2/v3/token [omitted]
[debug] [2023-04-13T05:46:16.203Z] <<< [apiv2][status] POST https://www.googleapis.com/oauth2/v3/token 400
[debug] [2023-04-13T05:46:16.203Z] <<< [apiv2][body] POST https://www.googleapis.com/oauth2/v3/token [omitted]
[debug] [2023-04-13T05:46:16.205Z] >>> [apiv2][query] GET https://firebase.googleapis.com/v1beta1/projects pageSize=100
[debug] [2023-04-13T05:46:16.412Z] <<< [apiv2][status] GET https://firebase.googleapis.com/v1beta1/projects 401
[debug] [2023-04-13T05:46:16.412Z] <<< [apiv2][body] GET https://firebase.googleapis.com/v1beta1/projects [omitted]
[debug] [2023-04-13T05:46:16.412Z] HTTP Error: 401, Request had invalid authentication credentials. Expected OAuth 2 access token, login cookie or other valid authentication credential. See https://developers.google.com/identity/sign-in/web/devconsole-project.
[debug] [2023-04-13T05:46:16.564Z] FirebaseError: HTTP Error: 401, Request had invalid authentication credentials. Expected OAuth 2 access token, login cookie or other valid authentication credential. See https://developers.google.com/identity/sign-in/web/devconsole-project.
    at responseToError (C:\Users\Yash\.nvm\versions\node\v16.13.0\bin\node_modules\firebase-tools\lib\responseToError.js:49:12)
    at RetryOperation._fn (C:\Users\Yash\.nvm\versions\node\v16.13.0\bin\node_modules\firebase-tools\lib\apiv2.js:288:77)
    at processTicksAndRejections (node:internal/process/task_queues:96:5)
[error] 
[error] Error: Failed to list Firebase projects. See firebase-debug.log for more info.
[debug] [2023-04-13T05:46:29.046Z] ----------------------------------------------------------------------
[debug] [2023-04-13T05:46:29.048Z] Command:       C:\Users\Yash\.nvm\versions\node\v16.13.0\bin\node.exe C:\Users\Yash\.nvm\versions\node\v16.13.0\bin\node_modules\firebase-tools\lib\bin\firebase.js init
[debug] [2023-04-13T05:46:29.049Z] CLI Version:   11.26.0
[debug] [2023-04-13T05:46:29.049Z] Platform:      win32
[debug] [2023-04-13T05:46:29.049Z] Node Version:  v16.13.0
[debug] [2023-04-13T05:46:29.050Z] Time:          Thu Apr 13 2023 11:16:29 GMT+0530 (India Standard Time)
[debug] [2023-04-13T05:46:29.050Z] ----------------------------------------------------------------------
[debug] 
[debug] [2023-04-13T05:46:29.057Z] > command requires scopes: ["email","openid","https://www.googleapis.com/auth/cloudplatformprojects.readonly","https://www.googleapis.com/auth/firebase","https://www.googleapis.com/auth/cloud-platform"]
[debug] [2023-04-13T05:46:29.058Z] > authorizing via signed-in user (yashkapure06@gmail.com)
[info] 
     ######## #### ########  ######## ########     ###     ######  ########
     ##        ##  ##     ## ##       ##     ##  ##   ##  ##       ##
     ######    ##  ########  ######   ########  #########  ######  ######
     ##        ##  ##    ##  ##       ##     ## ##     ##       ## ##
     ##       #### ##     ## ######## ########  ##     ##  ######  ########

You're about to initialize a Firebase project in this directory:

  F:\My Projects\Learning Projects\tech_blog_website

[info] 
=== Project Setup
[info] 
[info] First, let's associate this project directory with a Firebase project.
[info] You can create multiple project aliases by running firebase use --add, 
[info] but for now we'll just set up a default project.
[info] 
[info] i  If you want to create a project in a Google Cloud organization or folder, please use "firebase projects:create" instead, and return to this command when you've created the project. 
[debug] [2023-04-13T05:46:45.691Z] > refreshing access token with scopes: []
[debug] [2023-04-13T05:46:45.693Z] >>> [apiv2][query] POST https://www.googleapis.com/oauth2/v3/token [none]
[debug] [2023-04-13T05:46:45.694Z] >>> [apiv2][body] POST https://www.googleapis.com/oauth2/v3/token [omitted]
[debug] [2023-04-13T05:46:45.891Z] <<< [apiv2][status] POST https://www.googleapis.com/oauth2/v3/token 400
[debug] [2023-04-13T05:46:45.891Z] <<< [apiv2][body] POST https://www.googleapis.com/oauth2/v3/token [omitted]
[debug] [2023-04-13T05:46:45.891Z] >>> [apiv2][query] POST https://cloudresourcemanager.googleapis.com/v1/projects [none]
[debug] [2023-04-13T05:46:45.891Z] >>> [apiv2][body] POST https://cloudresourcemanager.googleapis.com/v1/projects {"projectId":"testing","name":"test"}
[debug] [2023-04-13T05:46:47.378Z] <<< [apiv2][status] POST https://cloudresourcemanager.googleapis.com/v1/projects 401
[debug] [2023-04-13T05:46:47.378Z] <<< [apiv2][body] POST https://cloudresourcemanager.googleapis.com/v1/projects {"error":{"code":401,"message":"Request had invalid authentication credentials. Expected OAuth 2 access token, login cookie or other valid authentication credential. See https://developers.google.com/identity/sign-in/web/devconsole-project.","status":"UNAUTHENTICATED","details":[{"@type":"type.googleapis.com/google.rpc.ErrorInfo","reason":"ACCESS_TOKEN_TYPE_UNSUPPORTED","metadata":{"service":"cloudresourcemanager.googleapis.com","method":"google.cloudresourcemanager.v1.Projects.CreateProject"}}]}}
[debug] [2023-04-13T05:46:47.539Z] FirebaseError: HTTP Error: 401, Request had invalid authentication credentials. Expected OAuth 2 access token, login cookie or other valid authentication credential. See https://developers.google.com/identity/sign-in/web/devconsole-project.
    at responseToError (C:\Users\Yash\.nvm\versions\node\v16.13.0\bin\node_modules\firebase-tools\lib\responseToError.js:49:12)
    at RetryOperation._fn (C:\Users\Yash\.nvm\versions\node\v16.13.0\bin\node_modules\firebase-tools\lib\apiv2.js:288:77)
    at processTicksAndRejections (node:internal/process/task_queues:96:5)
[error] 
[error] Error: Failed to create project. See firebase-debug.log for more info.
